<?xml version="1.0" encoding="UTF-8"?>
<!-- Generated by org.testng.reporters.JUnitXMLReporter -->
<testsuite ignored="0" hostname="MASAI" failures="0" tests="3" name="Default test" time="14.418" errors="0" timestamp="2025-04-13T17:56:37 IST">
  <testcase classname="tests.FileUploadTest" name="testMaxFileSizeText" time="1.66"/>
  <testcase classname="tests.FileUploadTest" name="testUploadFileWithPassword" time="1.569"/>
  <testcase classname="tests.FileUploadTest" name="testUploadFileWithoutPassword" time="1.251"/>
</testsuite> <!-- Default test -->
